<?xml version="1.0" encoding="UTF-8"?>
<!-- Generated by org.testng.reporters.JUnitXMLReporter -->
<testsuite hostname="LAPTOP-JUA214HQ" ignored="0" name="Default test" tests="4" failures="0" timestamp="2020-09-03T16:35:07 IST" time="9.986" errors="0">
  <testcase name="addCategory" time="4.974" classname="Teknotrait_employee.Teknotrait_employee.Category_module"/>
  <testcase name="getCategoryById" time="1.815" classname="Teknotrait_employee.Teknotrait_employee.Category_module"/>
  <testcase name="editCategoryById" time="1.578" classname="Teknotrait_employee.Teknotrait_employee.Category_module"/>
  <testcase name="deleteCategory" time="1.549" classname="Teknotrait_employee.Teknotrait_employee.Category_module"/>
</testsuite> <!-- Default test -->
