<?xml version="1.0" encoding="UTF-8"?>
<!-- Generated by org.testng.reporters.JUnitXMLReporter -->
<testsuite hostname="LAPTOP-JUA214HQ" ignored="0" name="Test" tests="4" failures="0" timestamp="2020-09-01T15:38:20 IST" time="12.228" errors="0">
  <testcase name="addCategory" time="7.314" classname="Teknotrait_employee.Teknotrait_employee.Category_module"/>
  <testcase name="getCategoryById" time="1.636" classname="Teknotrait_employee.Teknotrait_employee.Category_module"/>
  <testcase name="editCategoryById" time="1.576" classname="Teknotrait_employee.Teknotrait_employee.Category_module"/>
  <testcase name="deleteCategory" time="1.623" classname="Teknotrait_employee.Teknotrait_employee.Category_module"/>
</testsuite> <!-- Test -->
